Packages available: 63846
Packages installed: 3775
queueing request ece459.patricklam.ca:4590/rest/v1/checksums/ruby-oj/3.13.9-1
queueing request ece459.patricklam.ca:4590/rest/v1/checksums/g%2B%2B-10-riscv64-linux-gnu/10.3.0-8cross1
queueing request ece459.patricklam.ca:4590/rest/v1/checksums/ntp/1%3A4.2.8p15%2Bdfsg-1
Error: package librust-goblin-2+mach64-dev not defined.
queueing request ece459.patricklam.ca:4590/rest/v1/checksums/granule/1.4.0-7-10
queueing request ece459.patricklam.ca:4590/rest/v1/checksums/libbg2-doc/2.04%2Bdfsg-2.1
queueing request ece459.patricklam.ca:4590/rest/v1/checksums/libdtkgui5-bin/5.5.17.1-1
queueing request ece459.patricklam.ca:4590/rest/v1/checksums/librust-mime-dev/0.3.9-1%2Bb1
queueing request ece459.patricklam.ca:4590/rest/v1/checksums/libtrilinos-rythmos12/12.18.1-2%2Bb1
queueing request ece459.patricklam.ca:4590/rest/v1/checksums/djvulibre-bin/3.5.28-2
queueing request ece459.patricklam.ca:4590/rest/v1/checksums/libmetkit-data/1.8.8-1
queueing request ece459.patricklam.ca:4590/rest/v1/checksums/libspring-test-java/4.3.30-1
queueing request ece459.patricklam.ca:4590/rest/v1/checksums/kgendesignerplugin-bin/5.88.0-1
Error: package librust-gobject-sys-0.14+v2-54-dev not defined.
queueing request ece459.patricklam.ca:4590/rest/v1/checksums/librime-data-sampheng/0.38.20190120-1
queueing request ece459.patricklam.ca:4590/rest/v1/checksums/fonts-khmeros/5.0-9
queueing request ece459.patricklam.ca:4590/rest/v1/checksums/libcairo-perl/1.109-2
queueing request ece459.patricklam.ca:4590/rest/v1/checksums/python3-pyside2.qtquickwidgets/5.15.2-2%2Bb2
queueing request ece459.patricklam.ca:4590/rest/v1/checksums/librlog-dev/1.4-4.1
queueing request ece459.patricklam.ca:4590/rest/v1/checksums/embassy-domsearch/1%3A0.1.660-3
queueing request ece459.patricklam.ca:4590/rest/v1/checksums/libglobus-gram-job-manager-callout-error0/4.2-1
queueing request ece459.patricklam.ca:4590/rest/v1/checksums/python3-botan/2.18.2%2Bdfsg-1
queueing request ece459.patricklam.ca:4590/rest/v1/checksums/libmaven3-core-java/3.6.3-5
queueing request ece459.patricklam.ca:4590/rest/v1/checksums/btrfsmaintenance/0.5-1
queueing request ece459.patricklam.ca:4590/rest/v1/checksums/crystal-doc/1.2.2%2Bdfsg-1
queueing request ece459.patricklam.ca:4590/rest/v1/checksums/libmodule-build-tiny-perl/0.039-1.1
queueing request ece459.patricklam.ca:4590/rest/v1/checksums/r-cran-ecodist/2.0.7-1
queueing request ece459.patricklam.ca:4590/rest/v1/checksums/libghc-inspection-testing-doc/0.4.2.4-1
Error: package libopencv-core3.2 not defined.
Error: package libghc-th-desugar-prof-1.10-1d7f8 not defined.
queueing request ece459.patricklam.ca:4590/rest/v1/checksums/fst-dev/0.120.0-1
queueing request ece459.patricklam.ca:4590/rest/v1/checksums/freeipa-healthcheck/0.9-1
queueing request ece459.patricklam.ca:4590/rest/v1/checksums/python3-hiera/0.0.1%2B20190629-2
queueing request ece459.patricklam.ca:4590/rest/v1/checksums/python3-plyara/2.1.1-1
queueing request ece459.patricklam.ca:4590/rest/v1/checksums/gobjc-s390x-linux-gnu/4%3A11.2.0-2
queueing request ece459.patricklam.ca:4590/rest/v1/checksums/libtemplate-multilingual-perl/1.00-2.1
queueing request ece459.patricklam.ca:4590/rest/v1/checksums/libgnuradio-channels3.8.2/3.8.2.0-15%2Bb1
queueing request ece459.patricklam.ca:4590/rest/v1/checksums/libunac1/1.8.0-10
queueing request ece459.patricklam.ca:4590/rest/v1/checksums/whitedune/0.30.10-2.2
queueing request ece459.patricklam.ca:4590/rest/v1/checksums/python-bottle-doc/0.12.19-1
queueing request ece459.patricklam.ca:4590/rest/v1/checksums/libcupt4-doc/2.10.4%2Bnmu1
queueing request ece459.patricklam.ca:4590/rest/v1/checksums/fonts-orya/2%3A1.3
Error: package libkf5akonadiwidgets5-21.08 not defined.
queueing request ece459.patricklam.ca:4590/rest/v1/checksums/liblocale-currency-format-perl/1.35-1
queueing request ece459.patricklam.ca:4590/rest/v1/checksums/libx2go-server-perl/4.1.0.3-5
queueing request ece459.patricklam.ca:4590/rest/v1/checksums/pwman3/0.12.2-2
queueing request ece459.patricklam.ca:4590/rest/v1/checksums/libapache2-mod-python-doc/3.5.0-1
queueing request ece459.patricklam.ca:4590/rest/v1/checksums/libdist-inkt-role-test-kwalitee-perl/0.002-1.1
Error: package librust-atlatl-0.1+default-dev not defined.
queueing request ece459.patricklam.ca:4590/rest/v1/checksums/php-symfony-polyfill-intl-idn/1.24.0-1
queueing request ece459.patricklam.ca:4590/rest/v1/checksums/librust-libsqlite3-sys%2Bbuildtime-bindgen-dev/0.15.0-2
queueing request ece459.patricklam.ca:4590/rest/v1/checksums/python3-sphinx-panels/0.6.0-2
queueing request ece459.patricklam.ca:4590/rest/v1/checksums/libosmocoding-doc/1.4.2-3
queueing request ece459.patricklam.ca:4590/rest/v1/checksums/otpw-bin/1.5-2%2Bb1
queueing request ece459.patricklam.ca:4590/rest/v1/checksums/qtfeedback5-dev/5.0~git20180903.a14bd0b-2
Error: package libghc-old-locale-dev-1.0.0.7-05a9f not defined.
queueing request ece459.patricklam.ca:4590/rest/v1/checksums/cvs-mailcommit/1.19-6
queueing request ece459.patricklam.ca:4590/rest/v1/checksums/joe-jupp/3.1.40-1
queueing request ece459.patricklam.ca:4590/rest/v1/checksums/libgwengui-fox16-79/5.8.1-1
queueing request ece459.patricklam.ca:4590/rest/v1/checksums/gobjc-10-powerpc64le-linux-gnu/10.3.0-8cross1
queueing request ece459.patricklam.ca:4590/rest/v1/checksums/golang-github-juju-httpprof-dev/0.0~git20141217.14bf14c-4
queueing request ece459.patricklam.ca:4590/rest/v1/checksums/gobjc-9-aarch64-linux-gnu/9.4.0-1cross1
queueing request ece459.patricklam.ca:4590/rest/v1/checksums/libkdsoap-bin/1.9.1%2Bdfsg-2
queueing request ece459.patricklam.ca:4590/rest/v1/checksums/abcl/1.8.0-2
queueing request ece459.patricklam.ca:4590/rest/v1/checksums/kmahjongg/4%3A21.08.3-1
queueing request ece459.patricklam.ca:4590/rest/v1/checksums/skkdic/20210106-2
queueing request ece459.patricklam.ca:4590/rest/v1/checksums/libtime-human-perl/1.03-4.1
queueing request ece459.patricklam.ca:4590/rest/v1/checksums/faumachine-data/20180503-4
queueing request ece459.patricklam.ca:4590/rest/v1/checksums/debconf-i18n/1.5.79
queueing request ece459.patricklam.ca:4590/rest/v1/checksums/libjs-jquery-mobile/1.4.5%2Bdfsg-1
queueing request ece459.patricklam.ca:4590/rest/v1/checksums/mirrormagic-data/3.0.0%2Bdfsg2-2
queueing request ece459.patricklam.ca:4590/rest/v1/checksums/libghc-hxt-http-doc/9.1.5.2-11
queueing request ece459.patricklam.ca:4590/rest/v1/checksums/gccgo-10-mips64el-linux-gnuabi64/10.2.1-6cross1
queueing request ece459.patricklam.ca:4590/rest/v1/checksums/octocatalog-diff/1.5.4-2
queueing request ece459.patricklam.ca:4590/rest/v1/checksums/soundkonverter/3.0.1-3
queueing request ece459.patricklam.ca:4590/rest/v1/checksums/libdist-inkt-perl/0.026-1
queueing request ece459.patricklam.ca:4590/rest/v1/checksums/git-build-recipe/0.3.6
queueing request ece459.patricklam.ca:4590/rest/v1/checksums/librust-libslirp-sys-dev/4.2.0-1
queueing request ece459.patricklam.ca:4590/rest/v1/checksums/node-rollup-plugin-buble/0.21.3%2Brepack%2B~0.19.8-2
queueing request ece459.patricklam.ca:4590/rest/v1/checksums/libgrib2c0d/1.6.3-1
queueing request ece459.patricklam.ca:4590/rest/v1/checksums/libmir-core-dev/1.0.2-1%2Bb3
queueing request ece459.patricklam.ca:4590/rest/v1/checksums/yubikey-personalization-gui/3.1.24-1%2Bb2
queueing request ece459.patricklam.ca:4590/rest/v1/checksums/libhugs-unix-bundled/98.200609.21-6
queueing request ece459.patricklam.ca:4590/rest/v1/checksums/php-symfony-semaphore/5.4.2%2Bdfsg-1
queueing request ece459.patricklam.ca:4590/rest/v1/checksums/liblingua-stem-it-perl/0.02-2
queueing request ece459.patricklam.ca:4590/rest/v1/checksums/python-pankoclient-doc/1.2.0-2
queueing request ece459.patricklam.ca:4590/rest/v1/checksums/liblttoolbox3-3.5-1/3.5.4-1
queueing request ece459.patricklam.ca:4590/rest/v1/checksums/r-cran-dimred/0.2.4-1
queueing request ece459.patricklam.ca:4590/rest/v1/checksums/libluksde-dev/20200205-1%2Bb2
queueing request ece459.patricklam.ca:4590/rest/v1/checksums/libqrencode4/4.1.1-1
queueing request ece459.patricklam.ca:4590/rest/v1/checksums/librust-polling-dev/2.2.0-1%2Bb1
queueing request ece459.patricklam.ca:4590/rest/v1/checksums/librust-wasm-bindgen%2Bxxx-debug-only-print-generated-code-dev/0.2.78-1
queueing request ece459.patricklam.ca:4590/rest/v1/checksums/libxmlsec1-doc/1.2.33-1
queueing request ece459.patricklam.ca:4590/rest/v1/checksums/xteddy/2.2-5
queueing request ece459.patricklam.ca:4590/rest/v1/checksums/lldpd/1.0.13-1
queueing request ece459.patricklam.ca:4590/rest/v1/checksums/golang-github-ziutek-mymysql-dev/1.5.4%2Bgit20170206.23.0582bcf-2
queueing request ece459.patricklam.ca:4590/rest/v1/checksums/pcs-snmp/0.11.1-1
queueing request ece459.patricklam.ca:4590/rest/v1/checksums/ruby-fast-blank/1.0.0-2%2Bb2
queueing request ece459.patricklam.ca:4590/rest/v1/checksums/libaacs-dev/0.11.0-2
queueing request ece459.patricklam.ca:4590/rest/v1/checksums/task-albanian-desktop/3.68
verifying ruby-oj, matches: true
verifying libtrilinos-rythmos12, matches: true
verifying crystal-doc, matches: true
verifying libunac1, matches: true
verifying librust-polling-dev, matches: true
verifying pcs-snmp, matches: true
verifying task-albanian-desktop, matches: true
verifying libghc-inspection-testing-doc, matches: true
verifying whitedune, matches: true
verifying librlog-dev, matches: true
got error 404 on request for package g++-10-riscv64-linux-gnu version 10.3.0-8cross1
verifying librime-data-sampheng, matches: true
verifying qtfeedback5-dev, matches: true
verifying python-pankoclient-doc, matches: true
verifying libmaven3-core-java, matches: true
verifying libjs-jquery-mobile, matches: true
verifying gobjc-9-aarch64-linux-gnu, matches: true
verifying cvs-mailcommit, matches: true
verifying golang-github-juju-httpprof-dev, matches: true
verifying liblttoolbox3-3.5-1, matches: true
verifying fonts-orya, matches: true
got error 404 on request for package librust-wasm-bindgen+xxx-debug-only-print-generated-code-dev version 0.2.78-1
verifying lldpd, matches: true
verifying libkdsoap-bin, matches: true
verifying libtime-human-perl, matches: true
verifying gobjc-s390x-linux-gnu, matches: true
got error 404 on request for package librust-libsqlite3-sys+buildtime-bindgen-dev version 0.15.0-2
verifying libcairo-perl, matches: true
verifying python3-pyside2.qtquickwidgets, matches: true
verifying php-symfony-polyfill-intl-idn, matches: true
verifying libxmlsec1-doc, matches: true
verifying abcl, matches: true
verifying ntp, matches: true
verifying libglobus-gram-job-manager-callout-error0, matches: true
verifying ruby-fast-blank, matches: true
verifying skkdic, matches: true
verifying yubikey-personalization-gui, matches: true
verifying fonts-khmeros, matches: true
verifying freeipa-healthcheck, matches: true
verifying libmetkit-data, matches: true
verifying libmir-core-dev, matches: true
verifying kgendesignerplugin-bin, matches: true
verifying libtemplate-multilingual-perl, matches: true
verifying libaacs-dev, matches: true
verifying libgnuradio-channels3.8.2, matches: true
verifying libdist-inkt-role-test-kwalitee-perl, matches: true
verifying libgwengui-fox16-79, matches: true
verifying soundkonverter, matches: true
verifying libbg2-doc, matches: true
verifying librust-libslirp-sys-dev, matches: true
verifying php-symfony-semaphore, matches: true
verifying r-cran-dimred, matches: true
verifying libqrencode4, matches: true
verifying xteddy, matches: true
verifying libspring-test-java, matches: true
verifying embassy-domsearch, matches: true
verifying python3-plyara, matches: true
verifying djvulibre-bin, matches: true
verifying joe-jupp, matches: true
verifying librust-mime-dev, matches: true
verifying libcupt4-doc, matches: true
verifying mirrormagic-data, matches: true
verifying libhugs-unix-bundled, matches: true
verifying golang-github-ziutek-mymysql-dev, matches: true
verifying git-build-recipe, matches: true
verifying btrfsmaintenance, matches: true
verifying kmahjongg, matches: true
verifying libdtkgui5-bin, matches: true
verifying faumachine-data, matches: true
verifying liblingua-stem-it-perl, matches: true
verifying libmodule-build-tiny-perl, matches: true
verifying octocatalog-diff, matches: true
verifying r-cran-ecodist, matches: true
verifying debconf-i18n, matches: true
verifying granule, matches: true
verifying libghc-hxt-http-doc, matches: true
verifying python3-hiera, matches: true
verifying gccgo-10-mips64el-linux-gnuabi64, matches: true
verifying libx2go-server-perl, matches: true
verifying liblocale-currency-format-perl, matches: true
verifying libdist-inkt-perl, matches: true
verifying libluksde-dev, matches: true
verifying fst-dev, matches: true
verifying pwman3, matches: true
verifying node-rollup-plugin-buble, matches: true
verifying python-bottle-doc, matches: true
verifying otpw-bin, matches: true
verifying libapache2-mod-python-doc, matches: true
verifying libosmocoding-doc, matches: true
verifying libgrib2c0d, matches: true
verifying python3-botan, matches: true
verifying gobjc-10-powerpc64le-linux-gnu, matches: true
verifying python3-sphinx-panels, matches: true
